<?xml version="1.0" encoding="UTF-8"?>
<robot generator="Robot 6.1.1 (Python 3.11.4 on win32)" generated="20241030 14:49:07.681" rpa="false" schemaversion="4">
<suite id="s1" name="Test Suite" source="C:\Mine\Company\E2open 28 Oct 2024\AutomationFramework\test\1__petstore_suite\4__test_suite.robot">
<test id="s1-t1" name="TC1" line="6">
<kw name="Add" library="CommonFunction">
<var>${res}</var>
<arg>4</arg>
<arg>55</arg>
<msg timestamp="20241030 14:49:07.858" level="INFO">${res} = 59.0</msg>
<status status="PASS" starttime="20241030 14:49:07.856" endtime="20241030 14:49:07.878"/>
</kw>
<kw name="Log To Console" library="BuiltIn">
<arg>${res}</arg>
<doc>Logs the given message to the console.</doc>
<status status="PASS" starttime="20241030 14:49:07.879" endtime="20241030 14:49:07.883"/>
</kw>
<kw name="Cust Sqrt" library="CommonFunction">
<var>${res}</var>
<arg>8</arg>
<msg timestamp="20241030 14:49:07.889" level="INFO">${res} = 2.8284271247461903</msg>
<status status="PASS" starttime="20241030 14:49:07.886" endtime="20241030 14:49:07.890"/>
</kw>
<kw name="Log To Console" library="BuiltIn">
<arg>${res}</arg>
<doc>Logs the given message to the console.</doc>
<status status="PASS" starttime="20241030 14:49:07.891" endtime="20241030 14:49:07.893"/>
</kw>
<status status="PASS" starttime="20241030 14:49:07.820" endtime="20241030 14:49:07.894"/>
</test>
<status status="PASS" starttime="20241030 14:49:07.691" endtime="20241030 14:49:07.897"/>
</suite>
<statistics>
<total>
<stat pass="1" fail="0" skip="0">All Tests</stat>
</total>
<tag>
</tag>
<suite>
<stat pass="1" fail="0" skip="0" id="s1" name="Test Suite">Test Suite</stat>
</suite>
</statistics>
<errors>
</errors>
</robot>
